<?xml version="1.0" encoding="UTF-8"?>
<!-- Generated by org.testng.reporters.JUnitReportReporter -->
<testsuite skipped="0" hostname="CTLINDT-0919" name="test.ctis.testcase.Sprague" tests="1" failures="0" timestamp="27 Aug 2019 15:25:59 GMT" time="638.617" errors="0">
  <testcase name="ctisTest" time="638.617" classname="test.ctis.testcase.Sprague"/>
</testsuite> <!-- test.ctis.testcase.Sprague -->
